gyp info it worked if it ends with ok
gyp info using node-gyp@11.0.0
gyp info using node@22.16.0 | darwin | x64
gyp info find Python using Python version 3.9.6 found at "/Library/Developer/CommandLineTools/usr/bin/python3"

gyp http GET https://nodejs.org/download/release/v22.16.0/node-v22.16.0-headers.tar.gz
gyp http 200 https://nodejs.org/download/release/v22.16.0/node-v22.16.0-headers.tar.gz
gyp http GET https://nodejs.org/download/release/v22.16.0/SHASUMS256.txt
gyp http 200 https://nodejs.org/download/release/v22.16.0/SHASUMS256.txt
gyp info spawn /Library/Developer/CommandLineTools/usr/bin/python3
gyp info spawn args [
gyp info spawn args '/usr/local/lib/node_modules/npm/node_modules/node-gyp/gyp/gyp_main.py',
gyp info spawn args 'binding.gyp',
gyp info spawn args '-f',
gyp info spawn args 'make',
gyp info spawn args '-I',
gyp info spawn args '/Users/chun/Desktop/EncryptChat/node_modules/uws/build/config.gypi',
gyp info spawn args '-I',
gyp info spawn args '/usr/local/lib/node_modules/npm/node_modules/node-gyp/addon.gypi',
gyp info spawn args '-I',
gyp info spawn args '/Users/chun/Library/Caches/node-gyp/22.16.0/include/node/common.gypi',
gyp info spawn args '-Dlibrary=shared_library',
gyp info spawn args '-Dvisibility=default',
gyp info spawn args '-Dnode_root_dir=/Users/chun/Library/Caches/node-gyp/22.16.0',
gyp info spawn args '-Dnode_gyp_dir=/usr/local/lib/node_modules/npm/node_modules/node-gyp',
gyp info spawn args '-Dnode_lib_file=/Users/chun/Library/Caches/node-gyp/22.16.0/<(target_arch)/node.lib',
gyp info spawn args '-Dmodule_root_dir=/Users/chun/Desktop/EncryptChat/node_modules/uws',
gyp info spawn args '-Dnode_engine=v8',
gyp info spawn args '--depth=.',
gyp info spawn args '--no-parallel',
gyp info spawn args '--generator-output',
gyp info spawn args 'build',
gyp info spawn args '-Goutput_dir=.'
gyp info spawn args ]
gyp info spawn make
gyp info spawn args [ 'BUILDTYPE=Release', '-C', 'build' ]
  CXX(target) Release/obj.target/uws/src/Extensions.o
  CXX(target) Release/obj.target/uws/src/Group.o
In file included from ../src/Group.cpp:1:
In file included from ../src/Group.h:5:
../src/HTTPSocket.h:207:63: warning: 'sprintf' is deprecated: This function is provided for compatibility reasons only.  Due to security concerns inherent in the design of sprintf(3), it is highly recommended that you use snprintf(3) instead. [-Wdeprecated-declarations]
                int offset = transformData.hasHead ? 0 : std::sprintf(dst, "HTTP/1.1 200 OK\r\nContent-Length: %u\r\n\r\n", (unsigned int) length);
                                                              ^
/Library/Developer/CommandLineTools/SDKs/MacOSX.sdk/usr/include/stdio.h:188:1: note: 'sprintf' has been explicitly marked deprecated here
__deprecated_msg("This function is provided for compatibility reasons only.  Due to security concerns inherent in the design of sprintf(3), it is highly recommended that you use snprintf(3) instead.")
^
/Library/Developer/CommandLineTools/SDKs/MacOSX.sdk/usr/include/sys/cdefs.h:215:48: note: expanded from macro '__deprecated_msg'
        #define __deprecated_msg(_msg) __attribute__((__deprecated__(_msg)))
                                                      ^
1 warning generated.
  CXX(target) Release/obj.target/uws/src/Networking.o
  CXX(target) Release/obj.target/uws/src/Hub.o
In file included from ../src/Hub.cpp:1:
In file included from ../src/Hub.h:4:
In file included from ../src/Group.h:5:
../src/HTTPSocket.h:207:63: warning: 'sprintf' is deprecated: This function is provided for compatibility reasons only.  Due to security concerns inherent in the design of sprintf(3), it is highly recommended that you use snprintf(3) instead. [-Wdeprecated-declarations]
                int offset = transformData.hasHead ? 0 : std::sprintf(dst, "HTTP/1.1 200 OK\r\nContent-Length: %u\r\n\r\n", (unsigned int) length);
                                                              ^
/Library/Developer/CommandLineTools/SDKs/MacOSX.sdk/usr/include/stdio.h:188:1: note: 'sprintf' has been explicitly marked deprecated here
__deprecated_msg("This function is provided for compatibility reasons only.  Due to security concerns inherent in the design of sprintf(3), it is highly recommended that you use snprintf(3) instead.")
^
/Library/Developer/CommandLineTools/SDKs/MacOSX.sdk/usr/include/sys/cdefs.h:215:48: note: expanded from macro '__deprecated_msg'
        #define __deprecated_msg(_msg) __attribute__((__deprecated__(_msg)))
                                                      ^
1 warning generated.
  CXX(target) Release/obj.target/uws/src/Node.o
  CXX(target) Release/obj.target/uws/src/WebSocket.o
In file included from ../src/WebSocket.cpp:2:
In file included from ../src/Group.h:5:
../src/HTTPSocket.h:207:63: warning: 'sprintf' is deprecated: This function is provided for compatibility reasons only.  Due to security concerns inherent in the design of sprintf(3), it is highly recommended that you use snprintf(3) instead. [-Wdeprecated-declarations]
                int offset = transformData.hasHead ? 0 : std::sprintf(dst, "HTTP/1.1 200 OK\r\nContent-Length: %u\r\n\r\n", (unsigned int) length);
                                                              ^
/Library/Developer/CommandLineTools/SDKs/MacOSX.sdk/usr/include/stdio.h:188:1: note: 'sprintf' has been explicitly marked deprecated here
__deprecated_msg("This function is provided for compatibility reasons only.  Due to security concerns inherent in the design of sprintf(3), it is highly recommended that you use snprintf(3) instead.")
^
/Library/Developer/CommandLineTools/SDKs/MacOSX.sdk/usr/include/sys/cdefs.h:215:48: note: expanded from macro '__deprecated_msg'
        #define __deprecated_msg(_msg) __attribute__((__deprecated__(_msg)))
                                                      ^
1 warning generated.
  CXX(target) Release/obj.target/uws/src/HTTPSocket.o
In file included from ../src/HTTPSocket.cpp:1:
../src/HTTPSocket.h:207:63: warning: 'sprintf' is deprecated: This function is provided for compatibility reasons only.  Due to security concerns inherent in the design of sprintf(3), it is highly recommended that you use snprintf(3) instead. [-Wdeprecated-declarations]
                int offset = transformData.hasHead ? 0 : std::sprintf(dst, "HTTP/1.1 200 OK\r\nContent-Length: %u\r\n\r\n", (unsigned int) length);
                                                              ^
/Library/Developer/CommandLineTools/SDKs/MacOSX.sdk/usr/include/stdio.h:188:1: note: 'sprintf' has been explicitly marked deprecated here
__deprecated_msg("This function is provided for compatibility reasons only.  Due to security concerns inherent in the design of sprintf(3), it is highly recommended that you use snprintf(3) instead.")
^
/Library/Developer/CommandLineTools/SDKs/MacOSX.sdk/usr/include/sys/cdefs.h:215:48: note: expanded from macro '__deprecated_msg'
        #define __deprecated_msg(_msg) __attribute__((__deprecated__(_msg)))
                                                      ^
1 warning generated.
  CXX(target) Release/obj.target/uws/src/Socket.o
  CXX(target) Release/obj.target/uws/src/addon.o
In file included from ../src/addon.cpp:1:
In file included from ../src/../src/uWS.h:4:
In file included from ../src/Hub.h:4:
In file included from ../src/Group.h:5:
../src/HTTPSocket.h:207:63: warning: 'sprintf' is deprecated: This function is provided for compatibility reasons only.  Due to security concerns inherent in the design of sprintf(3), it is highly recommended that you use snprintf(3) instead. [-Wdeprecated-declarations]
                int offset = transformData.hasHead ? 0 : std::sprintf(dst, "HTTP/1.1 200 OK\r\nContent-Length: %u\r\n\r\n", (unsigned int) length);
                                                              ^
/Library/Developer/CommandLineTools/SDKs/MacOSX.sdk/usr/include/stdio.h:188:1: note: 'sprintf' has been explicitly marked deprecated here
__deprecated_msg("This function is provided for compatibility reasons only.  Due to security concerns inherent in the design of sprintf(3), it is highly recommended that you use snprintf(3) instead.")
^
/Library/Developer/CommandLineTools/SDKs/MacOSX.sdk/usr/include/sys/cdefs.h:215:48: note: expanded from macro '__deprecated_msg'
        #define __deprecated_msg(_msg) __attribute__((__deprecated__(_msg)))
                                                      ^
In file included from ../src/addon.cpp:2:
In file included from ../src/addon.h:1:
In file included from /Users/chun/Library/Caches/node-gyp/22.16.0/include/node/node.h:74:
In file included from /Users/chun/Library/Caches/node-gyp/22.16.0/include/node/v8.h:24:
In file included from /Users/chun/Library/Caches/node-gyp/22.16.0/include/node/v8-array-buffer.h:12:
In file included from /Users/chun/Library/Caches/node-gyp/22.16.0/include/node/v8-local-handle.h:13:
In file included from /Users/chun/Library/Caches/node-gyp/22.16.0/include/node/v8-handle-base.h:8:
/Users/chun/Library/Caches/node-gyp/22.16.0/include/node/v8-internal.h:86:9: warning: variable declaration in a constexpr function is a C++14 extension [-Wc++14-extensions]
    int shift_bits = kSmiTagSize + kSmiShiftSize;
        ^
/Users/chun/Library/Caches/node-gyp/22.16.0/include/node/v8-internal.h:111:9: warning: variable declaration in a constexpr function is a C++14 extension [-Wc++14-extensions]
    int shift_bits = kSmiTagSize + kSmiShiftSize;
        ^
/Users/chun/Library/Caches/node-gyp/22.16.0/include/node/v8-internal.h:490:30: warning: 'static_assert' with no message is a C++17 extension [-Wc++17-extensions]
SHARED_EXTERNAL_POINTER_TAGS(CHECK_SHARED_EXTERNAL_POINTER_TAGS)
                             ^
/Users/chun/Library/Caches/node-gyp/22.16.0/include/node/v8-internal.h:490:30: warning: 'static_assert' with no message is a C++17 extension [-Wc++17-extensions]
/Users/chun/Library/Caches/node-gyp/22.16.0/include/node/v8-internal.h:490:30: warning: 'static_assert' with no message is a C++17 extension [-Wc++17-extensions]
/Users/chun/Library/Caches/node-gyp/22.16.0/include/node/v8-internal.h:490:30: warning: 'static_assert' with no message is a C++17 extension [-Wc++17-extensions]
/Users/chun/Library/Caches/node-gyp/22.16.0/include/node/v8-internal.h:490:30: warning: 'static_assert' with no message is a C++17 extension [-Wc++17-extensions]
/Users/chun/Library/Caches/node-gyp/22.16.0/include/node/v8-internal.h:491:35: warning: 'static_assert' with no message is a C++17 extension [-Wc++17-extensions]
PER_ISOLATE_EXTERNAL_POINTER_TAGS(CHECK_NON_SHARED_EXTERNAL_POINTER_TAGS)
                                  ^
/Users/chun/Library/Caches/node-gyp/22.16.0/include/node/v8-internal.h:491:35: warning: 'static_assert' with no message is a C++17 extension [-Wc++17-extensions]
/Users/chun/Library/Caches/node-gyp/22.16.0/include/node/v8-internal.h:491:35: warning: 'static_assert' with no message is a C++17 extension [-Wc++17-extensions]
/Users/chun/Library/Caches/node-gyp/22.16.0/include/node/v8-internal.h:491:35: warning: 'static_assert' with no message is a C++17 extension [-Wc++17-extensions]
/Users/chun/Library/Caches/node-gyp/22.16.0/include/node/v8-internal.h:491:35: warning: 'static_assert' with no message is a C++17 extension [-Wc++17-extensions]
/Users/chun/Library/Caches/node-gyp/22.16.0/include/node/v8-internal.h:491:35: warning: 'static_assert' with no message is a C++17 extension [-Wc++17-extensions]
/Users/chun/Library/Caches/node-gyp/22.16.0/include/node/v8-internal.h:491:35: warning: 'static_assert' with no message is a C++17 extension [-Wc++17-extensions]
/Users/chun/Library/Caches/node-gyp/22.16.0/include/node/v8-internal.h:491:35: warning: 'static_assert' with no message is a C++17 extension [-Wc++17-extensions]
/Users/chun/Library/Caches/node-gyp/22.16.0/include/node/v8-internal.h:491:35: warning: 'static_assert' with no message is a C++17 extension [-Wc++17-extensions]
/Users/chun/Library/Caches/node-gyp/22.16.0/include/node/v8-internal.h:491:35: warning: 'static_assert' with no message is a C++17 extension [-Wc++17-extensions]
/Users/chun/Library/Caches/node-gyp/22.16.0/include/node/v8-internal.h:491:35: warning: 'static_assert' with no message is a C++17 extension [-Wc++17-extensions]
/Users/chun/Library/Caches/node-gyp/22.16.0/include/node/v8-internal.h:491:35: warning: 'static_assert' with no message is a C++17 extension [-Wc++17-extensions]
/Users/chun/Library/Caches/node-gyp/22.16.0/include/node/v8-internal.h:491:35: warning: 'static_assert' with no message is a C++17 extension [-Wc++17-extensions]
/Users/chun/Library/Caches/node-gyp/22.16.0/include/node/v8-internal.h:596:42: warning: 'static_assert' with no message is a C++17 extension [-Wc++17-extensions]
static_assert(kCodePointerHandleShift > 0);
                                         ^
                                         , ""
/Users/chun/Library/Caches/node-gyp/22.16.0/include/node/v8-internal.h:597:45: warning: 'static_assert' with no message is a C++17 extension [-Wc++17-extensions]
static_assert(kTrustedPointerHandleShift > 0);
                                            ^
                                            , ""
/Users/chun/Library/Caches/node-gyp/22.16.0/include/node/v8-internal.h:889:61: warning: 'static_assert' with no message is a C++17 extension [-Wc++17-extensions]
    static_assert(kJSObjectType + 1 == kFirstJSApiObjectType);
                                                            ^
                                                            , ""
/Users/chun/Library/Caches/node-gyp/22.16.0/include/node/v8-internal.h:890:55: warning: 'static_assert' with no message is a C++17 extension [-Wc++17-extensions]
    static_assert(kJSObjectType < kLastJSApiObjectType);
                                                      ^
                                                      , ""
/Users/chun/Library/Caches/node-gyp/22.16.0/include/node/v8-internal.h:891:63: warning: 'static_assert' with no message is a C++17 extension [-Wc++17-extensions]
    static_assert(kFirstJSApiObjectType < kLastJSApiObjectType);
                                                              ^
                                                              , ""
/Users/chun/Library/Caches/node-gyp/22.16.0/include/node/v8-internal.h:1093:38: error: no template named 'remove_cv_t' in namespace 'std'; did you mean 'remove_cv'?
            !std::is_same<Data, std::remove_cv_t<T>>::value>::Perform(data);
                                ~~~~~^~~~~~~~~~~
                                     remove_cv
/Library/Developer/CommandLineTools/SDKs/MacOSX.sdk/usr/include/c++/v1/type_traits:715:50: note: 'remove_cv' declared here
template <class _Tp> struct _LIBCPP_TEMPLATE_VIS remove_cv
                                                 ^
In file included from ../src/addon.cpp:2:
In file included from ../src/addon.h:1:
In file included from /Users/chun/Library/Caches/node-gyp/22.16.0/include/node/node.h:74:
In file included from /Users/chun/Library/Caches/node-gyp/22.16.0/include/node/v8.h:24:
In file included from /Users/chun/Library/Caches/node-gyp/22.16.0/include/node/v8-array-buffer.h:12:
In file included from /Users/chun/Library/Caches/node-gyp/22.16.0/include/node/v8-local-handle.h:13:
In file included from /Users/chun/Library/Caches/node-gyp/22.16.0/include/node/v8-handle-base.h:8:
/Users/chun/Library/Caches/node-gyp/22.16.0/include/node/v8-internal.h:1159:13: error: no template named 'is_void_v' in namespace 'std'; did you mean 'is_void'?
      !std::is_void_v<ElementType> ||
       ~~~~~^~~~~~~~~
            is_void
/Library/Developer/CommandLineTools/SDKs/MacOSX.sdk/usr/include/c++/v1/type_traits:728:29: note: 'is_void' declared here
struct _LIBCPP_TEMPLATE_VIS is_void : _BoolConstant<__is_void(_Tp)> { };
                            ^
In file included from ../src/addon.cpp:2:
In file included from ../src/addon.h:1:
In file included from /Users/chun/Library/Caches/node-gyp/22.16.0/include/node/node.h:74:
In file included from /Users/chun/Library/Caches/node-gyp/22.16.0/include/node/v8.h:24:
In file included from /Users/chun/Library/Caches/node-gyp/22.16.0/include/node/v8-array-buffer.h:12:
In file included from /Users/chun/Library/Caches/node-gyp/22.16.0/include/node/v8-local-handle.h:13:
In file included from /Users/chun/Library/Caches/node-gyp/22.16.0/include/node/v8-handle-base.h:8:
/Users/chun/Library/Caches/node-gyp/22.16.0/include/node/v8-internal.h:1159:36: error: expected '(' for function-style cast or type construction
      !std::is_void_v<ElementType> ||
       ~~~~~~~~~~~~~~~~~~~~~~~~~~~ ^
/Users/chun/Library/Caches/node-gyp/22.16.0/include/node/v8-internal.h:1160:13: error: no template named 'is_convertible_v' in namespace 'std'; did you mean 'is_convertible'?
      (std::is_convertible_v<typename std::iterator_traits<Iterator>::pointer,
       ~~~~~^~~~~~~~~~~~~~~~
            is_convertible
/Library/Developer/CommandLineTools/SDKs/MacOSX.sdk/usr/include/c++/v1/type_traits:1728:61: note: 'is_convertible' declared here
template <class _T1, class _T2> struct _LIBCPP_TEMPLATE_VIS is_convertible
                                                            ^
In file included from ../src/addon.cpp:2:
In file included from ../src/addon.h:1:
In file included from /Users/chun/Library/Caches/node-gyp/22.16.0/include/node/node.h:74:
In file included from /Users/chun/Library/Caches/node-gyp/22.16.0/include/node/v8.h:24:
In file included from /Users/chun/Library/Caches/node-gyp/22.16.0/include/node/v8-array-buffer.h:12:
In file included from /Users/chun/Library/Caches/node-gyp/22.16.0/include/node/v8-local-handle.h:13:
In file included from /Users/chun/Library/Caches/node-gyp/22.16.0/include/node/v8-handle-base.h:8:
/Users/chun/Library/Caches/node-gyp/22.16.0/include/node/v8-internal.h:1162:13: error: no template named 'is_convertible_v' in namespace 'std'; did you mean 'is_convertible'?
       std::is_convertible_v<typename std::iterator_traits<Iterator>::reference,
       ~~~~~^~~~~~~~~~~~~~~~
            is_convertible
/Library/Developer/CommandLineTools/SDKs/MacOSX.sdk/usr/include/c++/v1/type_traits:1728:61: note: 'is_convertible' declared here
template <class _T1, class _T2> struct _LIBCPP_TEMPLATE_VIS is_convertible
                                                            ^
In file included from ../src/addon.cpp:2:
In file included from ../src/addon.h:1:
In file included from /Users/chun/Library/Caches/node-gyp/22.16.0/include/node/node.h:74:
In file included from /Users/chun/Library/Caches/node-gyp/22.16.0/include/node/v8.h:24:
In file included from /Users/chun/Library/Caches/node-gyp/22.16.0/include/node/v8-array-buffer.h:12:
In file included from /Users/chun/Library/Caches/node-gyp/22.16.0/include/node/v8-local-handle.h:13:
In file included from /Users/chun/Library/Caches/node-gyp/22.16.0/include/node/v8-handle-base.h:8:
/Users/chun/Library/Caches/node-gyp/22.16.0/include/node/v8-internal.h:1162:8: error: expected ')'
       std::is_convertible_v<typename std::iterator_traits<Iterator>::reference,
       ^
/Users/chun/Library/Caches/node-gyp/22.16.0/include/node/v8-internal.h:1160:7: note: to match this '('
      (std::is_convertible_v<typename std::iterator_traits<Iterator>::pointer,
      ^
/Users/chun/Library/Caches/node-gyp/22.16.0/include/node/v8-internal.h:1163:44: error: expected expression
                             ElementType&>));
                                           ^
/Users/chun/Library/Caches/node-gyp/22.16.0/include/node/v8-internal.h:1170:12: error: no template named 'conditional_t' in namespace 'std'; did you mean 'conditional'?
      std::conditional_t<std::is_void_v<ElementType>,
      ~~~~~^~~~~~~~~~~~~
           conditional
/Library/Developer/CommandLineTools/SDKs/MacOSX.sdk/usr/include/c++/v1/type_traits:538:33: note: 'conditional' declared here
    struct _LIBCPP_TEMPLATE_VIS conditional {typedef _If type;};
                                ^
In file included from ../src/addon.cpp:2:
In file included from ../src/addon.h:1:
In file included from /Users/chun/Library/Caches/node-gyp/22.16.0/include/node/node.h:74:
In file included from /Users/chun/Library/Caches/node-gyp/22.16.0/include/node/v8.h:24:
In file included from /Users/chun/Library/Caches/node-gyp/22.16.0/include/node/v8-array-buffer.h:12:
In file included from /Users/chun/Library/Caches/node-gyp/22.16.0/include/node/v8-local-handle.h:13:
In file included from /Users/chun/Library/Caches/node-gyp/22.16.0/include/node/v8-handle-base.h:8:
/Users/chun/Library/Caches/node-gyp/22.16.0/include/node/v8-internal.h:1170:31: error: no template named 'is_void_v' in namespace 'std'; did you mean 'is_void'?
      std::conditional_t<std::is_void_v<ElementType>,
                         ~~~~~^~~~~~~~~
                              is_void
/Library/Developer/CommandLineTools/SDKs/MacOSX.sdk/usr/include/c++/v1/type_traits:728:29: note: 'is_void' declared here
struct _LIBCPP_TEMPLATE_VIS is_void : _BoolConstant<__is_void(_Tp)> { };
                            ^
In file included from ../src/addon.cpp:2:
In file included from ../src/addon.h:1:
In file included from /Users/chun/Library/Caches/node-gyp/22.16.0/include/node/node.h:74:
In file included from /Users/chun/Library/Caches/node-gyp/22.16.0/include/node/v8.h:24:
In file included from /Users/chun/Library/Caches/node-gyp/22.16.0/include/node/v8-array-buffer.h:12:
In file included from /Users/chun/Library/Caches/node-gyp/22.16.0/include/node/v8-local-handle.h:13:
In file included from /Users/chun/Library/Caches/node-gyp/22.16.0/include/node/v8-handle-base.h:8:
/Users/chun/Library/Caches/node-gyp/22.16.0/include/node/v8-internal.h:1170:26: error: template argument for non-type template parameter must be an expression
      std::conditional_t<std::is_void_v<ElementType>,
                         ^~~~~~~~~~~~~~~~~~~~~~~~~~~
/Library/Developer/CommandLineTools/SDKs/MacOSX.sdk/usr/include/c++/v1/type_traits:537:16: note: template parameter is declared here
template <bool _Bp, class _If, class _Then>
               ^
In file included from ../src/addon.cpp:2:
In file included from ../src/addon.h:1:
In file included from /Users/chun/Library/Caches/node-gyp/22.16.0/include/node/node.h:74:
In file included from /Users/chun/Library/Caches/node-gyp/22.16.0/include/node/v8.h:24:
In file included from /Users/chun/Library/Caches/node-gyp/22.16.0/include/node/v8-array-buffer.h:12:
In file included from /Users/chun/Library/Caches/node-gyp/22.16.0/include/node/v8-local-handle.h:13:
In file included from /Users/chun/Library/Caches/node-gyp/22.16.0/include/node/v8-handle-base.h:8:
/Users/chun/Library/Caches/node-gyp/22.16.0/include/node/v8-internal.h:1174:12: error: no template named 'conditional_t' in namespace 'std'; did you mean 'conditional'?
      std::conditional_t<std::is_void_v<ElementType>,
      ~~~~~^~~~~~~~~~~~~
           conditional
/Library/Developer/CommandLineTools/SDKs/MacOSX.sdk/usr/include/c++/v1/type_traits:538:33: note: 'conditional' declared here
    struct _LIBCPP_TEMPLATE_VIS conditional {typedef _If type;};
                                ^
In file included from ../src/addon.cpp:2:
In file included from ../src/addon.h:1:
In file included from /Users/chun/Library/Caches/node-gyp/22.16.0/include/node/node.h:74:
In file included from /Users/chun/Library/Caches/node-gyp/22.16.0/include/node/v8.h:24:
In file included from /Users/chun/Library/Caches/node-gyp/22.16.0/include/node/v8-array-buffer.h:12:
In file included from /Users/chun/Library/Caches/node-gyp/22.16.0/include/node/v8-local-handle.h:13:
In file included from /Users/chun/Library/Caches/node-gyp/22.16.0/include/node/v8-handle-base.h:8:
/Users/chun/Library/Caches/node-gyp/22.16.0/include/node/v8-internal.h:1174:31: error: no template named 'is_void_v' in namespace 'std'; did you mean 'is_void'?
      std::conditional_t<std::is_void_v<ElementType>,
                         ~~~~~^~~~~~~~~
                              is_void
/Library/Developer/CommandLineTools/SDKs/MacOSX.sdk/usr/include/c++/v1/type_traits:728:29: note: 'is_void' declared here
struct _LIBCPP_TEMPLATE_VIS is_void : _BoolConstant<__is_void(_Tp)> { };
                            ^
In file included from ../src/addon.cpp:2:
In file included from ../src/addon.h:1:
In file included from /Users/chun/Library/Caches/node-gyp/22.16.0/include/node/node.h:74:
In file included from /Users/chun/Library/Caches/node-gyp/22.16.0/include/node/v8.h:24:
In file included from /Users/chun/Library/Caches/node-gyp/22.16.0/include/node/v8-array-buffer.h:12:
In file included from /Users/chun/Library/Caches/node-gyp/22.16.0/include/node/v8-local-handle.h:13:
In file included from /Users/chun/Library/Caches/node-gyp/22.16.0/include/node/v8-handle-base.h:8:
/Users/chun/Library/Caches/node-gyp/22.16.0/include/node/v8-internal.h:1174:26: error: template argument for non-type template parameter must be an expression
      std::conditional_t<std::is_void_v<ElementType>,
                         ^~~~~~~~~~~~~~~~~~~~~~~~~~~
/Library/Developer/CommandLineTools/SDKs/MacOSX.sdk/usr/include/c++/v1/type_traits:537:16: note: template parameter is declared here
template <bool _Bp, class _If, class _Then>
               ^
In file included from ../src/addon.cpp:2:
In file included from ../src/addon.h:1:
In file included from /Users/chun/Library/Caches/node-gyp/22.16.0/include/node/node.h:74:
In file included from /Users/chun/Library/Caches/node-gyp/22.16.0/include/node/v8.h:24:
In file included from /Users/chun/Library/Caches/node-gyp/22.16.0/include/node/v8-array-buffer.h:12:
In file included from /Users/chun/Library/Caches/node-gyp/22.16.0/include/node/v8-local-handle.h:13:
In file included from /Users/chun/Library/Caches/node-gyp/22.16.0/include/node/v8-handle-base.h:8:
/Users/chun/Library/Caches/node-gyp/22.16.0/include/node/v8-internal.h:1178:12: error: no template named 'conditional_t' in namespace 'std'; did you mean 'conditional'?
      std::conditional_t<std::is_void_v<ElementType>,
      ~~~~~^~~~~~~~~~~~~
           conditional
/Library/Developer/CommandLineTools/SDKs/MacOSX.sdk/usr/include/c++/v1/type_traits:538:33: note: 'conditional' declared here
    struct _LIBCPP_TEMPLATE_VIS conditional {typedef _If type;};
                                ^
In file included from ../src/addon.cpp:2:
In file included from ../src/addon.h:1:
In file included from /Users/chun/Library/Caches/node-gyp/22.16.0/include/node/node.h:74:
In file included from /Users/chun/Library/Caches/node-gyp/22.16.0/include/node/v8.h:24:
In file included from /Users/chun/Library/Caches/node-gyp/22.16.0/include/node/v8-array-buffer.h:12:
In file included from /Users/chun/Library/Caches/node-gyp/22.16.0/include/node/v8-local-handle.h:13:
In file included from /Users/chun/Library/Caches/node-gyp/22.16.0/include/node/v8-handle-base.h:8:
/Users/chun/Library/Caches/node-gyp/22.16.0/include/node/v8-internal.h:1178:31: error: no template named 'is_void_v' in namespace 'std'; did you mean 'is_void'?
      std::conditional_t<std::is_void_v<ElementType>,
                         ~~~~~^~~~~~~~~
                              is_void
/Library/Developer/CommandLineTools/SDKs/MacOSX.sdk/usr/include/c++/v1/type_traits:728:29: note: 'is_void' declared here
struct _LIBCPP_TEMPLATE_VIS is_void : _BoolConstant<__is_void(_Tp)> { };
                            ^
In file included from ../src/addon.cpp:2:
In file included from ../src/addon.h:1:
In file included from /Users/chun/Library/Caches/node-gyp/22.16.0/include/node/node.h:74:
In file included from /Users/chun/Library/Caches/node-gyp/22.16.0/include/node/v8.h:24:
In file included from /Users/chun/Library/Caches/node-gyp/22.16.0/include/node/v8-array-buffer.h:12:
In file included from /Users/chun/Library/Caches/node-gyp/22.16.0/include/node/v8-local-handle.h:13:
In file included from /Users/chun/Library/Caches/node-gyp/22.16.0/include/node/v8-handle-base.h:8:
/Users/chun/Library/Caches/node-gyp/22.16.0/include/node/v8-internal.h:1178:26: error: template argument for non-type template parameter must be an expression
      std::conditional_t<std::is_void_v<ElementType>,
                         ^~~~~~~~~~~~~~~~~~~~~~~~~~~
/Library/Developer/CommandLineTools/SDKs/MacOSX.sdk/usr/include/c++/v1/type_traits:537:16: note: template parameter is declared here
template <bool _Bp, class _If, class _Then>
               ^
In file included from ../src/addon.cpp:2:
In file included from ../src/addon.h:1:
In file included from /Users/chun/Library/Caches/node-gyp/22.16.0/include/node/node.h:74:
In file included from /Users/chun/Library/Caches/node-gyp/22.16.0/include/node/v8.h:24:
In file included from /Users/chun/Library/Caches/node-gyp/22.16.0/include/node/v8-array-buffer.h:12:
In file included from /Users/chun/Library/Caches/node-gyp/22.16.0/include/node/v8-local-handle.h:13:
In file included from /Users/chun/Library/Caches/node-gyp/22.16.0/include/node/v8-handle-base.h:8:
/Users/chun/Library/Caches/node-gyp/22.16.0/include/node/v8-internal.h:1186:18: error: no template named 'enable_if_t' in namespace 'std'; did you mean 'enable_if'?
            std::enable_if_t<std::is_convertible_v<OtherIterator, Iterator>,
            ~~~~~^~~~~~~~~~~
                 enable_if
/Library/Developer/CommandLineTools/SDKs/MacOSX.sdk/usr/include/c++/v1/type_traits:546:63: note: 'enable_if' declared here
template <bool, class _Tp = void> struct _LIBCPP_TEMPLATE_VIS enable_if {};
                                                              ^
In file included from ../src/addon.cpp:2:
In file included from ../src/addon.h:1:
In file included from /Users/chun/Library/Caches/node-gyp/22.16.0/include/node/node.h:74:
In file included from /Users/chun/Library/Caches/node-gyp/22.16.0/include/node/v8.h:24:
In file included from /Users/chun/Library/Caches/node-gyp/22.16.0/include/node/v8-array-buffer.h:12:
In file included from /Users/chun/Library/Caches/node-gyp/22.16.0/include/node/v8-local-handle.h:13:
In file included from /Users/chun/Library/Caches/node-gyp/22.16.0/include/node/v8-handle-base.h:8:
/Users/chun/Library/Caches/node-gyp/22.16.0/include/node/v8-internal.h:1186:35: error: no template named 'is_convertible_v' in namespace 'std'; did you mean 'is_convertible'?
            std::enable_if_t<std::is_convertible_v<OtherIterator, Iterator>,
                             ~~~~~^~~~~~~~~~~~~~~~
                                  is_convertible
/Library/Developer/CommandLineTools/SDKs/MacOSX.sdk/usr/include/c++/v1/type_traits:1728:61: note: 'is_convertible' declared here
template <class _T1, class _T2> struct _LIBCPP_TEMPLATE_VIS is_convertible
                                                            ^
In file included from ../src/addon.cpp:2:
In file included from ../src/addon.h:1:
In file included from /Users/chun/Library/Caches/node-gyp/22.16.0/include/node/node.h:74:
In file included from /Users/chun/Library/Caches/node-gyp/22.16.0/include/node/v8.h:24:
In file included from /Users/chun/Library/Caches/node-gyp/22.16.0/include/node/v8-array-buffer.h:12:
In file included from /Users/chun/Library/Caches/node-gyp/22.16.0/include/node/v8-local-handle.h:13:
In file included from /Users/chun/Library/Caches/node-gyp/22.16.0/include/node/v8-handle-base.h:8:
/Users/chun/Library/Caches/node-gyp/22.16.0/include/node/v8-internal.h:1186:30: error: template argument for non-type template parameter must be an expression
            std::enable_if_t<std::is_convertible_v<OtherIterator, Iterator>,
                             ^~~~~~~~~~~~~~~~~~~~~~~~~~~~~~~~~~~~~~~~~~~~~~
/Library/Developer/CommandLineTools/SDKs/MacOSX.sdk/usr/include/c++/v1/type_traits:546:15: note: template parameter is declared here
template <bool, class _Tp = void> struct _LIBCPP_TEMPLATE_VIS enable_if {};
              ^
fatal error: too many errors emitted, stopping now [-ferror-limit=]
26 warnings and 20 errors generated.
make: *** [Release/obj.target/uws/src/addon.o] Error 1
gyp ERR! build error 
gyp ERR! stack Error: `make` failed with exit code: 2
gyp ERR! stack at ChildProcess.<anonymous> (/usr/local/lib/node_modules/npm/node_modules/node-gyp/lib/build.js:216:23)
gyp ERR! System Darwin 21.6.0
gyp ERR! command "/usr/local/bin/node" "/usr/local/lib/node_modules/npm/node_modules/node-gyp/bin/node-gyp.js" "rebuild"
gyp ERR! cwd /Users/chun/Desktop/EncryptChat/node_modules/uws
gyp ERR! node -v v22.16.0
gyp ERR! node-gyp -v v11.0.0
gyp ERR! not ok 
